<?xml version="1.0" encoding="UTF-8"?>
<testng-results ignored="0" total="1" passed="1" failed="0" skipped="0">
  <reporter-output>
  </reporter-output>
  <suite started-at="2025-06-19T07:33:42 CDT" name="Default suite" finished-at="2025-06-19T07:34:01 CDT" duration-ms="18957">
    <groups>
    </groups>
    <test started-at="2025-06-19T07:33:42 CDT" name="Default test" finished-at="2025-06-19T07:34:01 CDT" duration-ms="18957">
      <class name="BDD.StartOver.A017TestNG">
        <test-method is-config="true" signature="init()[pri:0, instance:BDD.StartOver.A017TestNG@38cee291]" started-at="2025-06-19T07:33:42 CDT" name="init" finished-at="2025-06-19T07:33:47 CDT" duration-ms="5276" status="PASS">
          <reporter-output>
          </reporter-output>
        </test-method> <!-- init -->
        <test-method signature="LoginTest()[pri:0, instance:BDD.StartOver.A017TestNG@38cee291]" started-at="2025-06-19T07:33:47 CDT" name="LoginTest" finished-at="2025-06-19T07:34:00 CDT" duration-ms="13297" status="PASS">
          <reporter-output>
          </reporter-output>
        </test-method> <!-- LoginTest -->
        <test-method is-config="true" signature="TearDown()[pri:0, instance:BDD.StartOver.A017TestNG@38cee291]" started-at="2025-06-19T07:34:00 CDT" name="TearDown" finished-at="2025-06-19T07:34:01 CDT" duration-ms="303" status="PASS">
          <reporter-output>
          </reporter-output>
        </test-method> <!-- TearDown -->
      </class> <!-- BDD.StartOver.A017TestNG -->
    </test> <!-- Default test -->
  </suite> <!-- Default suite -->
</testng-results>
